Array
(
    [nombre_dueño] => Kevin
    [email] => kevingaviria20@hotmail.com
    [password] => 12345
    [telefono] => 3023380272
    [nombre_perro] => toby
    [raza] => pequinez
    [edad] => 34
    [sexo] => Macho
    [registrar] => 
)
[2025-06-18 06:09:49] Valor recibido en raza: 3
[2025-06-18 08:26:05] Valor recibido en raza: 2
[2025-06-18 08:28:19] Valor recibido en raza: 2
[2025-06-18 08:34:33] Valor recibido en raza: 2
[2025-06-18 08:55:36] Valor recibido en raza: 15
[2025-06-18 09:14:54] Valor recibido en raza: 15
[2025-06-19 08:58:45] Valor recibido en raza: 3
[2025-06-19 09:16:46] Valor recibido en raza: 11
[2025-06-20 06:20:13] Valor recibido en raza: 9
[2025-06-20 06:22:49] Valor recibido en raza: 9
[2025-06-20 06:27:02] Valor recibido en raza: 2
[2025-06-20 08:15:09] Valor recibido en raza: 2
[2025-06-20 08:18:32] Valor recibido en raza: 2
[2025-06-21 18:11:39] Valor recibido en raza: 11
